{
  "stats": {
    "suites": 1,
    "tests": 1,
    "passes": 1,
    "pending": 0,
    "failures": 0,
    "start": "2025-07-25T17:03:09.562Z",
    "end": "2025-07-25T17:03:09.564Z",
    "duration": 2,
    "testsRegistered": 1,
    "passPercent": 100,
    "pendingPercent": 0,
    "other": 0,
    "hasOther": false,
    "skipped": 0,
    "hasSkipped": false
  },
  "results": [
    {
      "uuid": "a3d288c4-53c2-4850-a172-de8bd99065fe",
      "title": "",
      "fullFile": "C:\\Documents\\JenkinsLearningRepo\\src\\addtwoNumbers.ts",
      "file": "\\src\\addtwoNumbers.ts",
      "beforeHooks": [],
      "afterHooks": [],
      "tests": [],
      "suites": [
        {
          "uuid": "6c536d65-16a1-43b9-a6bb-8006fac450ad",
          "title": "Just Started learning to build frame work",
          "fullFile": "C:\\Documents\\JenkinsLearningRepo\\src\\addtwoNumbers.ts",
          "file": "\\src\\addtwoNumbers.ts",
          "beforeHooks": [],
          "afterHooks": [],
          "tests": [
            {
              "title": "First code of this Frame Work",
              "fullTitle": "Just Started learning to build frame work First code of this Frame Work",
              "timedOut": false,
              "duration": 1,
              "state": "passed",
              "speed": "fast",
              "pass": true,
              "fail": false,
              "pending": false,
              "context": null,
              "code": "return __awaiter(this, void 0, void 0, function* () {\n    let addResult = yield addutill_1.addUtil.add(2, 5);\n    yield console.log(`<<-->> First Result :- ${addResult} <<-->>`);\n    yield console.log(`<<-->> Learning how to raise Pull Request <<-->>`);\n});",
              "err": {},
              "uuid": "ebd54382-f65f-475e-a238-1c2b4dd77ba6",
              "parentUUID": "6c536d65-16a1-43b9-a6bb-8006fac450ad",
              "isHook": false,
              "skipped": false
            }
          ],
          "suites": [],
          "passes": [
            "ebd54382-f65f-475e-a238-1c2b4dd77ba6"
          ],
          "failures": [],
          "pending": [],
          "skipped": [],
          "duration": 1,
          "root": false,
          "rootEmpty": false,
          "_timeout": 10000000
        }
      ],
      "passes": [],
      "failures": [],
      "pending": [],
      "skipped": [],
      "duration": 0,
      "root": true,
      "rootEmpty": true,
      "_timeout": 10000000
    }
  ],
  "meta": {
    "mocha": {
      "version": "10.8.2"
    },
    "mochawesome": {
      "options": {
        "quiet": false,
        "reportFilename": "mochawesome",
        "saveHtml": true,
        "saveJson": true,
        "consoleReporter": "spec",
        "useInlineDiffs": false,
        "code": true
      },
      "version": "7.1.3"
    },
    "marge": {
      "options": {
        "reportDir": "TestResults"
      },
      "version": "6.2.0"
    }
  }
}